<?xml version="1.0" encoding="UTF-8"?>
<!-- Generated by org.testng.reporters.JUnitReportReporter -->
<testsuite hostname="DESKTOP-SJAUUCH" name="first.testng.example.GroupTest" tests="2" failures="0" timestamp="22 Sep 2017 17:19:17 GMT" time="0.016" errors="0">
  <testcase name="firstTest" time="0.000" classname="first.testng.example.GroupTest"/>
  <testcase name="secondTest" time="0.016" classname="first.testng.example.GroupTest"/>
</testsuite> <!-- first.testng.example.GroupTest -->
