<?xml version="1.0" encoding="UTF-8"?>
<!-- Generated by org.testng.reporters.JUnitReportReporter -->
<testsuite hostname="DESKTOP-SJAUUCH" name="firstLesson.AppTest" tests="1" failures="0" timestamp="22 Sep 2017 17:19:17 GMT" time="0.016" errors="0">
  <testcase name="testApp" time="0.016" classname="firstLesson.AppTest"/>
</testsuite> <!-- firstLesson.AppTest -->
