<?xml version="1.0" encoding="UTF-8"?>
<!-- Generated by org.testng.reporters.JUnitReportReporter -->
<testsuite hostname="DESKTOP-SJAUUCH" name="first.testng.example.SecondDemo" tests="2" failures="0" timestamp="22 Sep 2017 17:23:32 GMT" time="0.000" errors="0">
  <testcase name="secondTest" time="0.000" classname="first.testng.example.SecondDemo"/>
  <testcase name="firstTest" time="0.000" classname="first.testng.example.SecondDemo"/>
</testsuite> <!-- first.testng.example.SecondDemo -->
